<?xml version="1.0" encoding="UTF-8"?>
<!-- Generated by org.testng.reporters.JUnitXMLReporter -->
<testsuite ignored="0" hostname="DESKTOP-45D2DID" failures="0" tests="6" name="Default test" time="23.867" errors="0" timestamp="2023-01-04T10:44:56 IST">
  <testcase classname="altroMutual.AltroMutual" name="loginWithInvalidData" time="1.21"/>
  <testcase classname="altroMutual.AltroMutual" name="loginWithValidData" time="1.123"/>
  <testcase classname="altroMutual.AltroMutual" name="Checkbalance" time="1.691"/>
  <testcase classname="altroMutual.AltroMutual" name="VerifyTransferAmount" time="1.887"/>
  <testcase classname="altroMutual.AltroMutual" name="VerifyRecentTransanction" time="0.883"/>
  <testcase classname="altroMutual.AltroMutual" name="VerifyContactUs" time="3.049"/>
</testsuite> <!-- Default test -->
