<?xml version="1.0" encoding="UTF-8"?>
<!-- Generated by org.testng.reporters.JUnitXMLReporter -->
<testsuite ignored="0" hostname="DESKTOP-45D2DID" failures="0" tests="6" name="AltroMutualTest" time="32.414" errors="0" timestamp="2023-01-04T10:57:57 IST">
  <testcase classname="altroMutual.AltroMutual" name="loginWithInvalidData" time="1.795"/>
  <testcase classname="altroMutual.AltroMutual" name="loginWithValidData" time="1.094"/>
  <testcase classname="altroMutual.AltroMutual" name="Checkbalance" time="2.446"/>
  <testcase classname="altroMutual.AltroMutual" name="VerifyTransferAmount" time="2.84"/>
  <testcase classname="altroMutual.AltroMutual" name="VerifyRecentTransanction" time="0.784"/>
  <testcase classname="altroMutual.AltroMutual" name="VerifyContactUs" time="4.617"/>
</testsuite> <!-- AltroMutualTest -->
