<?xml version="1.0" encoding="UTF-8"?>
<testng-results ignored="0" total="6" passed="6" failed="0" skipped="0">
  <reporter-output>
  </reporter-output>
  <suite started-at="2023-01-04T10:57:25 IST" name="AltroMutualSuite" finished-at="2023-01-04T10:57:57 IST" duration-ms="32414">
    <groups>
    </groups>
    <test started-at="2023-01-04T10:57:25 IST" name="AltroMutualTest" finished-at="2023-01-04T10:57:57 IST" duration-ms="32414">
      <class name="altroMutual.AltroMutual">
        <test-method is-config="true" signature="SetUp()[pri:0, instance:altroMutual.AltroMutual@6d763516]" started-at="2023-01-04T10:57:25 IST" name="SetUp" finished-at="2023-01-04T10:57:41 IST" duration-ms="15935" status="PASS">
          <reporter-output>
          </reporter-output>
        </test-method> <!-- SetUp -->
        <test-method signature="loginWithInvalidData()[pri:1, instance:altroMutual.AltroMutual@6d763516]" started-at="2023-01-04T10:57:41 IST" name="loginWithInvalidData" finished-at="2023-01-04T10:57:43 IST" duration-ms="1795" status="PASS">
          <reporter-output>
          </reporter-output>
        </test-method> <!-- loginWithInvalidData -->
        <test-method signature="loginWithValidData()[pri:2, instance:altroMutual.AltroMutual@6d763516]" started-at="2023-01-04T10:57:44 IST" name="loginWithValidData" finished-at="2023-01-04T10:57:45 IST" duration-ms="1094" status="PASS">
          <reporter-output>
          </reporter-output>
        </test-method> <!-- loginWithValidData -->
        <test-method signature="Checkbalance()[pri:3, instance:altroMutual.AltroMutual@6d763516]" started-at="2023-01-04T10:57:45 IST" name="Checkbalance" finished-at="2023-01-04T10:57:48 IST" duration-ms="2446" status="PASS">
          <reporter-output>
          </reporter-output>
        </test-method> <!-- Checkbalance -->
        <test-method signature="VerifyTransferAmount()[pri:4, instance:altroMutual.AltroMutual@6d763516]" started-at="2023-01-04T10:57:48 IST" name="VerifyTransferAmount" finished-at="2023-01-04T10:57:51 IST" duration-ms="2840" status="PASS">
          <reporter-output>
          </reporter-output>
        </test-method> <!-- VerifyTransferAmount -->
        <test-method signature="VerifyRecentTransanction()[pri:5, instance:altroMutual.AltroMutual@6d763516]" started-at="2023-01-04T10:57:51 IST" name="VerifyRecentTransanction" finished-at="2023-01-04T10:57:51 IST" duration-ms="784" status="PASS">
          <reporter-output>
          </reporter-output>
        </test-method> <!-- VerifyRecentTransanction -->
        <test-method signature="VerifyContactUs()[pri:6, instance:altroMutual.AltroMutual@6d763516]" started-at="2023-01-04T10:57:51 IST" name="VerifyContactUs" finished-at="2023-01-04T10:57:56 IST" duration-ms="4617" status="PASS">
          <reporter-output>
          </reporter-output>
        </test-method> <!-- VerifyContactUs -->
        <test-method is-config="true" signature="TearDown()[pri:0, instance:altroMutual.AltroMutual@6d763516]" started-at="2023-01-04T10:57:56 IST" name="TearDown" finished-at="2023-01-04T10:57:57 IST" duration-ms="941" status="PASS">
          <reporter-output>
          </reporter-output>
        </test-method> <!-- TearDown -->
      </class> <!-- altroMutual.AltroMutual -->
    </test> <!-- AltroMutualTest -->
  </suite> <!-- AltroMutualSuite -->
</testng-results>
